<?xml version="1.0" encoding="UTF-8"?>
<!-- Generated by org.testng.reporters.JUnitReportReporter -->
<testsuite hostname="DesktopMonitor-4th-Floor-room3" failures="0" tests="1" name="com.trello.qspiders.learntestng.SupplyData" time="1.593" errors="0" timestamp="2023-03-25T08:56:09 IST" skipped="0">
  <testcase classname="com.trello.qspiders.learntestng.SupplyData" name="lauchBrowser" time="1.593"/>
  <system-out/>
</testsuite> <!-- com.trello.qspiders.learntestng.SupplyData -->
